PCAD Importer Log
Project : IOT_IO_v0.PrjPcb

Section : C:\Users\user\Desktop\INS\Ñõåìû\IO\IOT_IO_v0.pcb
    Section : Load Messages
        Warning - 1 : Skipping Token defaultPinDes On Line 3290
        Warning - 1 : Skipping Token defaultPinDes On Line 3291
        Warning - 1 : Skipping Token defaultPinDes On Line 3292
        Warning - 1 : Skipping Token defaultPinDes On Line 3293
        Warning - 1 : Skipping Token defaultPinDes On Line 3336
        Warning - 1 : Skipping Token defaultPinDes On Line 3337
        Warning - 1 : Skipping Token defaultPinDes On Line 3338
        Warning - 1 : Skipping Token defaultPinDes On Line 3339
        Warning - 1 : Skipping Token defaultPinDes On Line 3340
        Warning - 1 : Skipping Token defaultPinDes On Line 3341
        Warning - 1 : Skipping Token defaultPinDes On Line 3342
        Warning - 1 : Skipping Token defaultPinDes On Line 3343
        Warning - 1 : Skipping Token defaultPinDes On Line 3344
        Warning - 1 : Skipping Token defaultPinDes On Line 3345
        Warning - 1 : Skipping Token defaultPinDes On Line 3346
        Warning - 1 : Skipping Token defaultPinDes On Line 3347
        Warning - 1 : Skipping Token defaultPinDes On Line 3348
        Warning - 1 : Skipping Token defaultPinDes On Line 3349
        Warning - 1 : Skipping Token defaultPinDes On Line 3350
        Warning - 1 : Skipping Token defaultPinDes On Line 3351
        Warning - 1 : Skipping Token defaultPinDes On Line 3352
        Warning - 1 : Skipping Token defaultPinDes On Line 3353
        Warning - 1 : Skipping Token defaultPinDes On Line 3354
        Warning - 1 : Skipping Token defaultPinDes On Line 3355
        Warning - 1 : Skipping Token defaultPinDes On Line 3356
        Warning - 1 : Skipping Token defaultPinDes On Line 3357
        Warning - 1 : Skipping Token defaultPinDes On Line 3358
        Warning - 1 : Skipping Token defaultPinDes On Line 3359
        Warning - 1 : Skipping Token defaultPinDes On Line 3390
        Warning - 1 : Skipping Token defaultPinDes On Line 3391
        Warning - 1 : Skipping Token defaultPinDes On Line 3434
        Warning - 1 : Skipping Token defaultPinDes On Line 3435
        Warning - 1 : Skipping Token defaultPinDes On Line 3478
        Warning - 1 : Skipping Token defaultPinDes On Line 3479
        Warning - 1 : Skipping Token defaultPinDes On Line 3510
        Warning - 1 : Skipping Token defaultPinDes On Line 3511
        Warning - 1 : Skipping Token defaultPinDes On Line 3538
        Warning - 1 : Skipping Token defaultPinDes On Line 3539
        Warning - 1 : Skipping Token defaultPinDes On Line 3567
        Warning - 1 : Skipping Token defaultPinDes On Line 3568
        Warning - 1 : Skipping Token defaultPinDes On Line 3596
        Warning - 1 : Skipping Token defaultPinDes On Line 3597
        Warning - 1 : Skipping Token defaultPinDes On Line 3625
        Warning - 1 : Skipping Token defaultPinDes On Line 3626
        Warning - 1 : Skipping Token defaultPinDes On Line 3654
        Warning - 1 : Skipping Token defaultPinDes On Line 3655
        Warning - 1 : Skipping Token defaultPinDes On Line 3683
        Warning - 1 : Skipping Token defaultPinDes On Line 3684
        Warning - 1 : Skipping Token defaultPinDes On Line 3712
        Warning - 1 : Skipping Token defaultPinDes On Line 3713
        Warning - 1 : Skipping Token defaultPinDes On Line 3741
        Warning - 1 : Skipping Token defaultPinDes On Line 3742
        Warning - 1 : Skipping Token defaultPinDes On Line 3770
        Warning - 1 : Skipping Token defaultPinDes On Line 3771
        Warning - 1 : Skipping Token defaultPinDes On Line 3799
        Warning - 1 : Skipping Token defaultPinDes On Line 3800
        Warning - 1 : Skipping Token defaultPinDes On Line 3828
        Warning - 1 : Skipping Token defaultPinDes On Line 3829
        Warning - 1 : Skipping Token defaultPinDes On Line 3857
        Warning - 1 : Skipping Token defaultPinDes On Line 3858
        Warning - 1 : Skipping Token defaultPinDes On Line 3886
        Warning - 1 : Skipping Token defaultPinDes On Line 3887
        Warning - 1 : Skipping Token defaultPinDes On Line 3915
        Warning - 1 : Skipping Token defaultPinDes On Line 3916
        Warning - 1 : Skipping Token defaultPinDes On Line 3944
        Warning - 1 : Skipping Token defaultPinDes On Line 3945
        Warning - 1 : Skipping Token defaultPinDes On Line 3973
        Warning - 1 : Skipping Token defaultPinDes On Line 3974
        Warning - 1 : Skipping Token defaultPinDes On Line 4002
        Warning - 1 : Skipping Token defaultPinDes On Line 4003
        Warning - 1 : Skipping Token defaultPinDes On Line 4031
        Warning - 1 : Skipping Token defaultPinDes On Line 4032
        Warning - 1 : Skipping Token defaultPinDes On Line 4060
        Warning - 1 : Skipping Token defaultPinDes On Line 4061
        Warning - 1 : Skipping Token defaultPinDes On Line 4089
        Warning - 1 : Skipping Token defaultPinDes On Line 4090
        Warning - 1 : Skipping Token defaultPinDes On Line 4108
        Warning - 1 : Skipping Token defaultPinDes On Line 4109
        Warning - 1 : Skipping Token defaultPinDes On Line 4137
        Warning - 1 : Skipping Token defaultPinDes On Line 4138
        Warning - 1 : Skipping Token defaultPinDes On Line 4173
        Warning - 1 : Skipping Token defaultPinDes On Line 4174
        Warning - 1 : Skipping Token defaultPinDes On Line 4203
        Warning - 1 : Skipping Token defaultPinDes On Line 4204
        Warning - 1 : Skipping Token defaultPinDes On Line 4246
        Warning - 1 : Skipping Token defaultPinDes On Line 4247
        Warning - 1 : Skipping Token defaultPinDes On Line 4289
        Warning - 1 : Skipping Token defaultPinDes On Line 4290
        Warning - 1 : Skipping Token defaultPinDes On Line 4291
        Warning - 1 : Skipping Token defaultPinDes On Line 4292
        Warning - 1 : Skipping Token defaultPinDes On Line 4293
        Warning - 1 : Skipping Token defaultPinDes On Line 4294
        Warning - 1 : Skipping Token defaultPinDes On Line 4341
        Warning - 1 : Skipping Token defaultPinDes On Line 4342
        Warning - 1 : Skipping Token defaultPinDes On Line 4369
        Warning - 1 : Skipping Token defaultPinDes On Line 4370
        Warning - 1 : Skipping Token defaultPinDes On Line 4371
        Warning - 1 : Skipping Token defaultPinDes On Line 4372
        Warning - 1 : Skipping Token defaultPinDes On Line 4373
        Warning - 1 : Skipping Token defaultPinDes On Line 4374
        Warning - 1 : Skipping Token defaultPinDes On Line 4375
        Warning - 1 : Skipping Token defaultPinDes On Line 4376
        Warning - 1 : Skipping Token defaultPinDes On Line 4377
        Warning - 1 : Skipping Token defaultPinDes On Line 4378
        Warning - 1 : Skipping Token defaultPinDes On Line 4379
        Warning - 1 : Skipping Token defaultPinDes On Line 4380
        Warning - 1 : Skipping Token defaultPinDes On Line 4381
        Warning - 1 : Skipping Token defaultPinDes On Line 4382
        Warning - 1 : Skipping Token defaultPinDes On Line 4383
        Warning - 1 : Skipping Token defaultPinDes On Line 4384
        Warning - 1 : Skipping Token defaultPinDes On Line 4463
        Warning - 1 : Skipping Token defaultPinDes On Line 4464
        Warning - 1 : Skipping Token defaultPinDes On Line 4465
        Warning - 1 : Skipping Token defaultPinDes On Line 4466
        Warning - 1 : Skipping Token defaultPinDes On Line 4467
        Warning - 1 : Skipping Token defaultPinDes On Line 4468
        Warning - 1 : Skipping Token defaultPinDes On Line 4469
        Warning - 1 : Skipping Token defaultPinDes On Line 4470
        Warning - 1 : Skipping Token defaultPinDes On Line 4471
        Warning - 1 : Skipping Token defaultPinDes On Line 4472
        Warning - 1 : Skipping Token defaultPinDes On Line 4473
        Warning - 1 : Skipping Token defaultPinDes On Line 4474
        Warning - 1 : Skipping Token defaultPinDes On Line 4475
        Warning - 1 : Skipping Token defaultPinDes On Line 4476
        Warning - 1 : Skipping Token defaultPinDes On Line 4477
        Warning - 1 : Skipping Token defaultPinDes On Line 4478
        Warning - 1 : Skipping Token defaultPinDes On Line 4556
        Warning - 1 : Skipping Token defaultPinDes On Line 4557
        Warning - 1 : Skipping Token defaultPinDes On Line 4558
        Warning - 1 : Skipping Token defaultPinDes On Line 4559
        Warning - 1 : Skipping Token defaultPinDes On Line 4560
        Warning - 1 : Skipping Token defaultPinDes On Line 4561
        Warning - 1 : Skipping Token defaultPinDes On Line 4562
        Warning - 1 : Skipping Token defaultPinDes On Line 4563
        Warning - 1 : Skipping Token defaultPinDes On Line 4564
        Warning - 1 : Skipping Token defaultPinDes On Line 4565
        Warning - 1 : Skipping Token defaultPinDes On Line 4566
        Warning - 1 : Skipping Token defaultPinDes On Line 4567
        Warning - 1 : Skipping Token defaultPinDes On Line 4568
        Warning - 1 : Skipping Token defaultPinDes On Line 4569
        Warning - 1 : Skipping Token defaultPinDes On Line 4570
        Warning - 1 : Skipping Token defaultPinDes On Line 4571
        Warning - 1 : Skipping Token defaultPinDes On Line 4650
        Warning - 1 : Skipping Token defaultPinDes On Line 4651
        Warning - 1 : Skipping Token defaultPinDes On Line 4652
        Warning - 1 : Skipping Token defaultPinDes On Line 4653
        Warning - 1 : Skipping Token defaultPinDes On Line 4654
        Warning - 1 : Skipping Token defaultPinDes On Line 4655
        Warning - 1 : Skipping Token defaultPinDes On Line 4656
        Warning - 1 : Skipping Token defaultPinDes On Line 4657
        Warning - 1 : Skipping Token defaultPinDes On Line 4658
        Warning - 1 : Skipping Token defaultPinDes On Line 4659
        Warning - 1 : Skipping Token defaultPinDes On Line 4660
        Warning - 1 : Skipping Token defaultPinDes On Line 4661
        Warning - 1 : Skipping Token defaultPinDes On Line 4662
        Warning - 1 : Skipping Token defaultPinDes On Line 4663
        Warning - 1 : Skipping Token defaultPinDes On Line 4664
        Warning - 1 : Skipping Token defaultPinDes On Line 4665
        Warning - 1 : Skipping Token defaultPinDes On Line 4666
        Warning - 1 : Skipping Token defaultPinDes On Line 4667
        Warning - 1 : Skipping Token defaultPinDes On Line 4668
        Warning - 1 : Skipping Token defaultPinDes On Line 4669
        Warning - 1 : Skipping Token defaultPinDes On Line 4696
        Warning - 1 : Skipping Token defaultPinDes On Line 4697
        Warning - 1 : Skipping Token defaultPinDes On Line 4698
        Warning - 1 : Skipping Token defaultPinDes On Line 4699
        Warning - 1 : Skipping Token defaultPinDes On Line 4700
        Warning - 1 : Skipping Token defaultPinDes On Line 4701
        Warning - 1 : Skipping Token defaultPinDes On Line 4743
        Warning - 1 : Skipping Token defaultPinDes On Line 4744
        Warning - 1 : Skipping Token defaultPinDes On Line 4745
        Warning - 1 : Skipping Token defaultPinDes On Line 4746
        Warning - 1 : Skipping Token defaultPinDes On Line 4747
        Warning - 1 : Skipping Token defaultPinDes On Line 4748
        Warning - 1 : Skipping Token defaultPinDes On Line 4749
        Warning - 1 : Skipping Token defaultPinDes On Line 4750
        Warning - 1 : Skipping Token defaultPinDes On Line 4751
        Warning - 1 : Skipping Token defaultPinDes On Line 4752
        Warning - 1 : Skipping Token defaultPinDes On Line 4753
        Warning - 1 : Skipping Token defaultPinDes On Line 4754
        Warning - 1 : Skipping Token defaultPinDes On Line 4755
        Warning - 1 : Skipping Token defaultPinDes On Line 4756
        Warning - 1 : Skipping Token defaultPinDes On Line 4757
        Warning - 1 : Skipping Token defaultPinDes On Line 4758
        Warning - 1 : Skipping Token defaultPinDes On Line 4759
        Warning - 1 : Skipping Token defaultPinDes On Line 4760
        Warning - 1 : Skipping Token defaultPinDes On Line 4761
        Warning - 1 : Skipping Token defaultPinDes On Line 4762
        Warning - 1 : Skipping Token defaultPinDes On Line 4763
        Warning - 1 : Skipping Token defaultPinDes On Line 4764
        Warning - 1 : Skipping Token defaultPinDes On Line 4765
        Warning - 1 : Skipping Token defaultPinDes On Line 4766
        Warning - 1 : Skipping Token defaultPinDes On Line 4767
        Warning - 1 : Skipping Token defaultPinDes On Line 4768
        Warning - 1 : Skipping Token defaultPinDes On Line 4769
        Warning - 1 : Skipping Token defaultPinDes On Line 4770
        Warning - 1 : Skipping Token defaultPinDes On Line 4771
        Warning - 1 : Skipping Token defaultPinDes On Line 4772
        Warning - 1 : Skipping Token defaultPinDes On Line 4773
        Warning - 1 : Skipping Token defaultPinDes On Line 4774
        Warning - 1 : Skipping Token defaultPinDes On Line 4775
        Warning - 1 : Skipping Token defaultPinDes On Line 4776
        Warning - 1 : Skipping Token defaultPinDes On Line 4777
        Warning - 1 : Skipping Token defaultPinDes On Line 4778
        Warning - 1 : Skipping Token defaultPinDes On Line 4779
        Warning - 1 : Skipping Token defaultPinDes On Line 4780
        Warning - 1 : Skipping Token defaultPinDes On Line 4781
        Warning - 1 : Skipping Token defaultPinDes On Line 4782
        Warning - 1 : Skipping Token defaultPinDes On Line 4783
        Warning - 1 : Skipping Token defaultPinDes On Line 4784
        Warning - 1 : Skipping Token defaultPinDes On Line 4785
        Warning - 1 : Skipping Token defaultPinDes On Line 4786
        Warning - 1 : Skipping Token defaultPinDes On Line 4816
        Warning - 1 : Skipping Token defaultPinDes On Line 4817
        Warning - 1 : Skipping Token defaultPinDes On Line 4818
        Warning - 1 : Skipping Token defaultPinDes On Line 4869
        Warning - 1 : Skipping Token defaultPinDes On Line 4870
        Warning - 1 : Skipping Token defaultPinDes On Line 4871
        Warning - 1 : Skipping Token defaultPinDes On Line 4922
        Warning - 1 : Skipping Token defaultPinDes On Line 4923
        Warning - 1 : Skipping Token defaultPinDes On Line 4952
        Warning - 1 : Skipping Token defaultPinDes On Line 4953
        Warning - 1 : Skipping Token defaultPinDes On Line 4982
        Warning - 1 : Skipping Token defaultPinDes On Line 4983
        Warning - 1 : Skipping Token defaultPinDes On Line 5010
        Warning - 1 : Skipping Token defaultPinDes On Line 5011
        Warning - 1 : Skipping Token defaultPinDes On Line 5012
        Warning - 1 : Skipping Token defaultPinDes On Line 5013
        Warning - 1 : Skipping Token defaultPinDes On Line 5014
        Warning - 1 : Skipping Token defaultPinDes On Line 5015
        Warning - 1 : Skipping Token defaultPinDes On Line 5016
        Warning - 1 : Skipping Token defaultPinDes On Line 5017
        Warning - 1 : Skipping Token defaultPinDes On Line 5018
        Warning - 1 : Skipping Token defaultPinDes On Line 5019
        Warning - 1 : Skipping Token defaultPinDes On Line 5052
        Warning - 1 : Skipping Token defaultPinDes On Line 5053
        Warning - 1 : Skipping Token defaultPinDes On Line 5096
        Warning - 1 : Skipping Token defaultPinDes On Line 5097
        Warning - 1 : Skipping Token defaultPinDes On Line 5098
        Warning - 1 : Skipping Token defaultPinDes On Line 5099
        Warning - 1 : Skipping Token defaultPinDes On Line 5100
        Warning - 1 : Skipping Token defaultPinDes On Line 5101
        Warning - 1 : Skipping Token defaultPinDes On Line 5102
        Warning - 1 : Skipping Token defaultPinDes On Line 5103
        Warning - 1 : Skipping Token defaultPinDes On Line 5158
        Warning - 1 : Skipping Token defaultPinDes On Line 5159
        Warning - 1 : Skipping Token defaultPinDes On Line 5160
        Warning - 1 : Skipping Token defaultPinDes On Line 5161
        Warning - 1 : Skipping Token defaultPinDes On Line 5190
        Warning - 1 : Skipping Token defaultPinDes On Line 5191
        Warning - 1 : Skipping Token defaultPinDes On Line 5192
        Warning - 1 : Skipping Token defaultPinDes On Line 5193
        Warning - 1 : Skipping Token defaultPinDes On Line 5221
        Warning - 1 : Skipping Token defaultPinDes On Line 5222
        Warning - 1 : Skipping Token defaultPinDes On Line 5223
        Warning - 1 : Skipping Token defaultPinDes On Line 5224
        Warning - 1 : Skipping Token defaultPinDes On Line 5253
        Warning - 1 : Skipping Token defaultPinDes On Line 5254
        Warning - 1 : Skipping Token defaultPinDes On Line 5255
        Warning - 1 : Skipping Token defaultPinDes On Line 5256
        Warning - 1 : Skipping Token defaultPinDes On Line 5281
        Warning - 1 : Skipping Token defaultPinDes On Line 5282
        Warning - 1 : Skipping Token defaultPinDes On Line 5283
        Warning - 1 : Skipping Token defaultPinDes On Line 5284
        Warning - 1 : Skipping Token defaultPinDes On Line 5314
        Warning - 1 : Skipping Token defaultPinDes On Line 5315
        Warning - 1 : Skipping Token defaultPinDes On Line 5316
        Warning - 1 : Skipping Token defaultPinDes On Line 5317
        Warning - 1 : Skipping Token defaultPinDes On Line 5342
        Warning - 1 : Skipping Token defaultPinDes On Line 5343
        Warning - 1 : Skipping Token defaultPinDes On Line 5344
        Warning - 1 : Skipping Token defaultPinDes On Line 5345
        Warning - 1 : Skipping Token defaultPinDes On Line 5375
        Warning - 1 : Skipping Token defaultPinDes On Line 5376
        Warning - 1 : Skipping Token defaultPinDes On Line 5377
        Warning - 1 : Skipping Token defaultPinDes On Line 5378
        Warning - 1 : Skipping Token defaultPinDes On Line 5379
        Warning - 1 : Skipping Token defaultPinDes On Line 5380
        Warning - 1 : Skipping Token defaultPinDes On Line 5381
        Warning - 1 : Skipping Token defaultPinDes On Line 5382
        Warning - 1 : Skipping Token defaultPinDes On Line 5383
        Warning - 1 : Skipping Token defaultPinDes On Line 5384
        Warning - 1 : Skipping Token defaultPinDes On Line 5385
        Warning - 1 : Skipping Token defaultPinDes On Line 5386
        Warning - 1 : Skipping Token defaultPinDes On Line 5387
        Warning - 1 : Skipping Token defaultPinDes On Line 5388
        Warning - 1 : Skipping Token attachedSymbol On Line 5470
        Warning - 1 : Skipping Token attachedSymbol On Line 5496
        Warning - 1 : Skipping Token attachedSymbol On Line 5560
        Warning - 1 : Skipping Token attachedSymbol On Line 5624
        Warning - 1 : Skipping Token attachedSymbol On Line 5653
        Warning - 1 : Skipping Token attachedSymbol On Line 5675
        Warning - 1 : Skipping Token attachedSymbol On Line 5697
        Warning - 1 : Skipping Token attachedSymbol On Line 5726
        Warning - 1 : Skipping Token attachedSymbol On Line 5755
        Warning - 1 : Skipping Token attachedSymbol On Line 5784
        Warning - 1 : Skipping Token attachedSymbol On Line 5813
        Warning - 1 : Skipping Token attachedSymbol On Line 5835
        Warning - 1 : Skipping Token attachedSymbol On Line 5879
        Warning - 1 : Skipping Token attachedSymbol On Line 5937
        Warning - 1 : Skipping Token attachedSymbol On Line 5991
        Warning - 1 : Skipping Token attachedSymbol On Line 6032
        Warning - 1 : Skipping Token attachedSymbol On Line 6061
        Warning - 1 : Skipping Token attachedSymbol On Line 6097
        Warning - 1 : Skipping Token attachedSymbol On Line 6139
        Warning - 1 : Skipping Token attachedSymbol On Line 6140
        Warning - 1 : Skipping Token attachedSymbol On Line 6141
        Warning - 1 : Skipping Token attachedSymbol On Line 6142
        Warning - 1 : Skipping Token attachedSymbol On Line 6143
        Warning - 1 : Skipping Token attachedSymbol On Line 6144
        Warning - 1 : Skipping Token attachedSymbol On Line 6182
        Warning - 1 : Skipping Token attachedSymbol On Line 6208
        Warning - 1 : Skipping Token attachedSymbol On Line 6249
        Warning - 1 : Skipping Token attachedSymbol On Line 6250
        Warning - 1 : Skipping Token attachedSymbol On Line 6251
        Warning - 1 : Skipping Token attachedSymbol On Line 6252
        Warning - 1 : Skipping Token attachedSymbol On Line 6288
        Warning - 1 : Skipping Token attachedSymbol On Line 6314
        Warning - 1 : Skipping Token attachedSymbol On Line 6340
        Warning - 1 : Skipping Token refPointSize On Line 12605
        Warning - 1 : Skipping Token infoPointSize On Line 12606
        Warning - 1 : Skipping Token gluePointSize On Line 12607
        Warning - 1 : Skipping Token pickPointSize On Line 12608
        Warning - 1 : Skipping Token testPointSize On Line 12609
        Warning - 1 : Skipping Token refPointSizePrint On Line 12610
        Warning - 1 : Skipping Token infoPointSizePrint On Line 12611
        Warning - 1 : Skipping Token gluePointSizePrint On Line 12612
        Warning - 1 : Skipping Token pickPointSizePrint On Line 12613
        Warning - 1 : Skipping Token testPointSizePrint On Line 12614
        Warning - 1 : Skipping Token solderFlowDirection On Line 12615
        Warning - 1 : Skipping Token autoPlowCopperPours On Line 12616
        Warning - 1 : Skipping Token globalCopperPourCutoutBackoffFlag On Line 12617
        Warning - 1 : Skipping Token isFixed On Line 12687
        Warning - 1 : Skipping Token isFixed On Line 13322
        Warning - 1 : Skipping Token isFixed On Line 13323
        Warning - 1 : Skipping Token Planar On Line 14637
        Warning - 1 : Skipping Token Planar On Line 14637
        Warning - 1 : Skipping Token isFixed On Line 15132
        Warning - 1 : Skipping Token Primary On Line 15195
        Warning - 1 : Skipping Token Primary On Line 15195
        Warning - 1 : Skipping Token planar On Line 15208
        Warning - 1 : Skipping Token planar On Line 15208
        Warning - 1 : Skipping Token Primary On Line 16273
        Warning - 1 : Skipping Token Primary On Line 16273
        Warning - 1 : Skipping Token planar On Line 16286
        Warning - 1 : Skipping Token planar On Line 16286
        Warning - 1 : Skipping Token Primary On Line 17378
        Warning - 1 : Skipping Token Primary On Line 17378
        Warning - 1 : Skipping Token planar On Line 17391
        Warning - 1 : Skipping Token planar On Line 17391
        Warning - 1 : Skipping Token Planar On Line 17479
        Warning - 1 : Skipping Token Planar On Line 17479
        Warning - 1 : Skipping Token Planar On Line 17534
        Warning - 1 : Skipping Token Planar On Line 17534
        Warning - 1 : Skipping Token Planar On Line 17559
        Warning - 1 : Skipping Token Planar On Line 17559
        Warning - 1 : Skipping Token ...47x50-d050x02 On Line 17842
        Warning - 1 : Skipping Token ...47x50-d050x02 On Line 17842
        Warning - 1 : Skipping Token ..10x16-d050x02 On Line 17855
        Warning - 1 : Skipping Token ..10x16-d050x02 On Line 17855
        Warning - 1 : Skipping Token ..10x25-d050x02 On Line 17868
        Warning - 1 : Skipping Token ..10x25-d050x02 On Line 17868
        Warning - 1 : Skipping Token ..22x25-d050x02 On Line 17881
        Warning - 1 : Skipping Token ..22x25-d050x02 On Line 17881
        Warning - 1 : Skipping Token ..47x16-d065x03 On Line 17894
        Warning - 1 : Skipping Token ..47x16-d065x03 On Line 17894
        Warning - 1 : Skipping Token ..47x25-d050x02 On Line 17907
        Warning - 1 : Skipping Token ..47x25-d050x02 On Line 17907
        Warning - 1 : Skipping Token ..47x50-d065x025 On Line 17920
        Warning - 1 : Skipping Token ..47x50-d065x025 On Line 17920
        Warning - 1 : Skipping Token .100x16-d050x02 On Line 17933
        Warning - 1 : Skipping Token .100x16-d050x02 On Line 17933
        Warning - 1 : Skipping Token .100x25-d065x025 On Line 17946
        Warning - 1 : Skipping Token .100x25-d065x025 On Line 17946
        Warning - 1 : Skipping Token .100x50-d080x03 On Line 17959
        Warning - 1 : Skipping Token .100x50-d080x03 On Line 17959
        Warning - 1 : Skipping Token .100x63-d080x03 On Line 17972
        Warning - 1 : Skipping Token .100x63-d080x03 On Line 17972
        Warning - 1 : Skipping Token .100x63-d100x05 On Line 17985
        Warning - 1 : Skipping Token .100x63-d100x05 On Line 17985
        Warning - 1 : Skipping Token .220x16-d065x025 On Line 17998
        Warning - 1 : Skipping Token .220x16-d065x025 On Line 17998
        Warning - 1 : Skipping Token .220x25-d080x03 On Line 18011
        Warning - 1 : Skipping Token .220x25-d080x03 On Line 18011
        Warning - 1 : Skipping Token .220x40-d080x035 On Line 18024
        Warning - 1 : Skipping Token .220x40-d080x035 On Line 18024
        Warning - 1 : Skipping Token .220x50-d100x05 On Line 18037
        Warning - 1 : Skipping Token .220x50-d100x05 On Line 18037
        Warning - 1 : Skipping Token .470x50-d100x05 On Line 18050
        Warning - 1 : Skipping Token .470x50-d100x05 On Line 18050
        Warning - 1 : Skipping Token .470x63-d130x05 On Line 18063
        Warning - 1 : Skipping Token .470x63-d130x05 On Line 18063
        Warning - 1 : Skipping Token 1000x16-d100x05 On Line 18076
        Warning - 1 : Skipping Token 1000x16-d100x05 On Line 18076
        Warning - 1 : Skipping Token 2200x25-d130x05 On Line 18102
        Warning - 1 : Skipping Token 2200x25-d130x05 On Line 18102
        Warning - 1 : Skipping Token Primary On Line 18115
        Warning - 1 : Skipping Token Primary On Line 18115
        Warning - 1 : Skipping Token Primary On Line 18235
        Warning - 1 : Skipping Token Primary On Line 18235
        Warning - 1 : Skipping Token planar On Line 18248
        Warning - 1 : Skipping Token planar On Line 18248
        Warning - 1 : Skipping Token netNameRef On Line 20352
        Warning - 1 : Skipping Token island On Line 20354
        Warning - 1 : Skipping Token netNameRef On Line 20406
        Warning - 1 : Skipping Token island On Line 20408
        Warning - 1 : Skipping Token netNameRef On Line 21622
        Warning - 1 : Skipping Token island On Line 21624
        Warning - 1 : Skipping Token netNameRef On Line 21808
        Warning - 1 : Skipping Token island On Line 21810
        Warning - 1 : Skipping Token island On Line 21833
        Warning - 1 : Skipping Token island On Line 21984
        Warning - 1 : Skipping Token island On Line 22156
        Warning - 1 : Skipping Token netNameRef On Line 22535
        Warning - 1 : Skipping Token island On Line 22537
        Warning - 1 : Skipping Token netNameRef On Line 22627
        Warning - 1 : Skipping Token island On Line 22629
        Warning - 1 : Skipping Token island On Line 22652
        Warning - 1 : Skipping Token island On Line 22800
        Warning - 1 : Skipping Token island On Line 22951
        Warning - 1 : Skipping Token netNameRef On Line 23329
        Warning - 1 : Skipping Token island On Line 23331
        Warning - 1 : Skipping Token island On Line 23354
        Warning - 1 : Skipping Token island On Line 23502
        Warning - 1 : Skipping Token island On Line 23653
        Warning - 1 : Skipping Token netNameRef On Line 24046
        Warning - 1 : Skipping Token island On Line 24048
        Warning - 1 : Skipping Token island On Line 24071
        Warning - 1 : Skipping Token island On Line 24219
        Warning - 1 : Skipping Token island On Line 24370
        Warning - 1 : Skipping Token netNameRef On Line 24757
        Warning - 1 : Skipping Token island On Line 24759
        Warning - 1 : Skipping Token island On Line 24768
        Warning - 1 : Skipping Token isFixed On Line 25288
        Warning - 1 : Skipping Token isFixed On Line 25289
        Warning - 1 : Skipping Token isFixed On Line 25290
        Warning - 1 : Skipping Token isFixed On Line 25291
        Warning - 1 : Skipping Token isFixed On Line 25307
        Warning - 1 : Skipping Token isFixed On Line 25308
        Warning - 1 : Skipping Token isFixed On Line 25309
        Warning - 1 : Skipping Token isFixed On Line 25310
        Warning - 1 : Skipping Token isFixed On Line 25311
        Warning - 1 : Skipping Token isFixed On Line 25312
        Warning - 1 : Skipping Token isFixed On Line 25313
        Warning - 1 : Skipping Token isFixed On Line 25314
        Warning - 1 : Skipping Token isFixed On Line 25315
        Warning - 1 : Skipping Token isFixed On Line 25316
        Warning - 1 : Skipping Token isFixed On Line 25317
        Warning - 1 : Skipping Token isFixed On Line 25318
        Warning - 1 : Skipping Token printDrawOrder On Line 25336
        Warning - 1 : Skipping Token printDrawOrder On Line 25691
        Warning - 1 : Skipping Token printDrawOrder On Line 26043
        Warning - 1 : Skipping Token printDrawOrder On Line 26396
        Warning - 1 : Skipping Token printDrawOrder On Line 26749
        Warning - 1 : Skipping Token printDrawOrder On Line 27104
        Warning - 1 : Skipping Token printDrawOrder On Line 27457
        Warning - 1 : Skipping Token printDrawOrder On Line 27811
        Warning - 1 : Skipping Token printDrawOrder On Line 28164
        Warning - 1 : Skipping Token printDrawOrder On Line 28518
        Warning - 1 : Skipping Token printDrawOrder On Line 28874
        Warning - 1 : Skipping Token printDrawOrder On Line 29228
        Warning - 1 : Skipping Token drillSymSettings On Line 29568
        Warning - 1 : Skipping Token gerberSettings On Line 29570
        Warning - 1 : Skipping Token ncDrillSettings On Line 29584
        Warning - 1 : Skipping Token programState On Line 29593
        Warning - 1 : Skipping Token displayDrawOrder On Line 29647
        Warning - 1 : Skipping Token reportSettings On Line 29870
        Warning - 1 : Skipping Token odbSettings On Line 30167
    EndSection

    Section : Import Messages
        Warning : Mounting Hole Pad Converted To Rounded Pad
        Warning : Mounting Hole Pad Converted To Rounded Pad
        Warning : Mounting Hole Pad Converted To Rounded Pad
        Warning - 0 : PCAD Pattern Graphics [SMA][Primary] associated with PCAD Component [MBRA340T3G] has been renamed to PCB FootPrint [SMA_MBRA340T3G(Primary)].
        Warning : Mounting Hole Pad Converted To Rounded Pad
        Warning : Mounting Hole Pad Converted To Rounded Pad
        Warning : Mounting Hole Pad Converted To Rounded Pad
        Warning : Mounting Hole Pad Converted To Rounded Pad
        Warning : Mounting Hole Pad Converted To Rounded Pad
        Warning : Mounting Hole Pad Converted To Rounded Pad
        Warning - 0 : PCAD Pattern Graphics [DIP-04][Primary] associated with PCAD Component [PC817] has been renamed to PCB FootPrint [DIP-04_Primary].
        Warning : Mounting Hole Pad Converted To Rounded Pad
        Warning : Mounting Hole Pad Converted To Rounded Pad
        Warning : Mounting Hole Pad Converted To Rounded Pad
        Warning - 0 : PCAD Pattern Graphics [HC49U][vert] associated with PCAD Component [HC49U-12M] has been renamed to PCB FootPrint [HC49U_vert].
        Warning - 0 : PCAD Pattern Graphics [MB10][Primary] associated with PCAD Component [MB05S] has been renamed to PCB FootPrint [MB10_MB05S(Primary)].
        Warning - 0 : PCAD Pattern Graphics [HC49U][vert] associated with PCAD Component [HC49U-12M] has been renamed to PCB FootPrint [HC49U_vert].
        Warning - 0 : PCAD Pattern Graphics [HC49U][vert] associated with PCAD Component [HC49U-12M] has been renamed to PCB FootPrint [HC49U_vert].
        Warning - 0 : PCAD Pattern Graphics [DIP-04][Primary] associated with PCAD Component [PC817] has been renamed to PCB FootPrint [DIP-04_Primary].
        Warning - 0 : PCAD Pattern Graphics [DIP-04][Primary] associated with PCAD Component [PC817] has been renamed to PCB FootPrint [DIP-04_Primary].
        Warning - 0 : PCAD Pattern Graphics [DIP-04][Primary] associated with PCAD Component [PC817] has been renamed to PCB FootPrint [DIP-04_Primary].
        Warning - 0 : PCAD Pattern Graphics [Ê50-35][1000x25-d100x05] associated with PCAD Component [Ê50-35] has been renamed to PCB FootPrint [Ê50-35_1000x25-d100x05].
        Warning - 0 : PCAD Pattern Graphics [HC49U][vert] associated with PCAD Component [HC49U-12M] has been renamed to PCB FootPrint [HC49U_vert].
    EndSection
EndSection

Section : C:\Users\user\Desktop\INS\Ñõåìû\IO\IOT_IO_v0.sch
    Section : Parsing Messages
        Warning - 1 : Skipping Token defaultPinDes On Line 482
        Warning - 1 : Skipping Token defaultPinDes On Line 490
        Warning - 1 : Skipping Token defaultPinDes On Line 512
        Warning - 1 : Skipping Token defaultPinDes On Line 520
        Warning - 1 : Skipping Token defaultPinDes On Line 528
        Warning - 1 : Skipping Token defaultPinDes On Line 536
        Warning - 1 : Skipping Token defaultPinDes On Line 544
        Warning - 1 : Skipping Token defaultPinDes On Line 552
        Warning - 1 : Skipping Token defaultPinDes On Line 560
        Warning - 1 : Skipping Token defaultPinDes On Line 568
        Warning - 1 : Skipping Token defaultPinDes On Line 576
        Warning - 1 : Skipping Token defaultPinDes On Line 584
        Warning - 1 : Skipping Token defaultPinDes On Line 592
        Warning - 1 : Skipping Token defaultPinDes On Line 600
        Warning - 1 : Skipping Token defaultPinDes On Line 608
        Warning - 1 : Skipping Token defaultPinDes On Line 616
        Warning - 1 : Skipping Token defaultPinDes On Line 624
        Warning - 1 : Skipping Token defaultPinDes On Line 632
        Warning - 1 : Skipping Token defaultPinDes On Line 640
        Warning - 1 : Skipping Token defaultPinDes On Line 648
        Warning - 1 : Skipping Token defaultPinDes On Line 656
        Warning - 1 : Skipping Token defaultPinDes On Line 664
        Warning - 1 : Skipping Token defaultPinDes On Line 672
        Warning - 1 : Skipping Token defaultPinDes On Line 680
        Warning - 1 : Skipping Token defaultPinDes On Line 688
        Warning - 1 : Skipping Token defaultPinDes On Line 696
        Warning - 1 : Skipping Token defaultPinDes On Line 704
        Warning - 1 : Skipping Token defaultPinDes On Line 712
        Warning - 1 : Skipping Token defaultPinDes On Line 720
        Warning - 1 : Skipping Token defaultPinDes On Line 728
        Warning - 1 : Skipping Token defaultPinDes On Line 736
        Warning - 1 : Skipping Token defaultPinDes On Line 744
        Warning - 1 : Skipping Token defaultPinDes On Line 752
        Warning - 1 : Skipping Token defaultPinDes On Line 760
        Warning - 1 : Skipping Token defaultPinDes On Line 768
        Warning - 1 : Skipping Token defaultPinDes On Line 776
        Warning - 1 : Skipping Token defaultPinDes On Line 784
        Warning - 1 : Skipping Token defaultPinDes On Line 792
        Warning - 1 : Skipping Token defaultPinDes On Line 800
        Warning - 1 : Skipping Token defaultPinDes On Line 808
        Warning - 1 : Skipping Token defaultPinDes On Line 816
        Warning - 1 : Skipping Token defaultPinDes On Line 824
        Warning - 1 : Skipping Token defaultPinDes On Line 832
        Warning - 1 : Skipping Token defaultPinDes On Line 840
        Warning - 1 : Skipping Token defaultPinDes On Line 848
        Warning - 1 : Skipping Token defaultPinDes On Line 856
        Warning - 1 : Skipping Token defaultPinDes On Line 928
        Warning - 1 : Skipping Token defaultPinDes On Line 947
        Warning - 1 : Skipping Token defaultPinDes On Line 955
        Warning - 1 : Skipping Token defaultPinDes On Line 982
        Warning - 1 : Skipping Token defaultPinDes On Line 990
        Warning - 1 : Skipping Token defaultPinDes On Line 998
        Warning - 1 : Skipping Token defaultPinDes On Line 1006
        Warning - 1 : Skipping Token defaultPinDes On Line 1033
        Warning - 1 : Skipping Token defaultPinDes On Line 1041
        Warning - 1 : Skipping Token defaultPinDes On Line 1059
        Warning - 1 : Skipping Token defaultPinDes On Line 1067
        Warning - 1 : Skipping Token defaultPinDes On Line 1085
        Warning - 1 : Skipping Token defaultPinDes On Line 1093
        Warning - 1 : Skipping Token defaultPinDes On Line 1101
        Warning - 1 : Skipping Token defaultPinDes On Line 1109
        Warning - 1 : Skipping Token defaultPinDes On Line 1160
        Warning - 1 : Skipping Token defaultPinDes On Line 1167
        Warning - 1 : Skipping Token defaultPinDes On Line 1174
        Warning - 1 : Skipping Token defaultPinDes On Line 1181
        Warning - 1 : Skipping Token defaultPinDes On Line 1214
        Warning - 1 : Skipping Token defaultPinDes On Line 1222
        Warning - 1 : Skipping Token defaultPinDes On Line 1242
        Warning - 1 : Skipping Token defaultPinDes On Line 1250
        Warning - 1 : Skipping Token defaultPinDes On Line 1270
        Warning - 1 : Skipping Token defaultPinDes On Line 1278
        Warning - 1 : Skipping Token defaultPinDes On Line 1286
        Warning - 1 : Skipping Token defaultPinDes On Line 1315
        Warning - 1 : Skipping Token defaultPinDes On Line 1322
        Warning - 1 : Skipping Token defaultPinDes On Line 1329
        Warning - 1 : Skipping Token defaultPinDes On Line 1353
        Warning - 1 : Skipping Token defaultPinDes On Line 1361
        Warning - 1 : Skipping Token defaultPinDes On Line 1369
        Warning - 1 : Skipping Token defaultPinDes On Line 1377
        Warning - 1 : Skipping Token defaultPinDes On Line 1385
        Warning - 1 : Skipping Token defaultPinDes On Line 1393
        Warning - 1 : Skipping Token defaultPinDes On Line 1401
        Warning - 1 : Skipping Token defaultPinDes On Line 1409
        Warning - 1 : Skipping Token defaultPinDes On Line 1417
        Warning - 1 : Skipping Token defaultPinDes On Line 1425
        Warning - 1 : Skipping Token defaultPinDes On Line 1433
        Warning - 1 : Skipping Token defaultPinDes On Line 1441
        Warning - 1 : Skipping Token defaultPinDes On Line 1449
        Warning - 1 : Skipping Token defaultPinDes On Line 1457
        Warning - 1 : Skipping Token defaultPinDes On Line 1465
        Warning - 1 : Skipping Token defaultPinDes On Line 1473
        Warning - 1 : Skipping Token defaultPinDes On Line 1512
        Warning - 1 : Skipping Token defaultPinDes On Line 1519
        Warning - 1 : Skipping Token defaultPinDes On Line 1542
        Warning - 1 : Skipping Token defaultPinDes On Line 1550
        Warning - 1 : Skipping Token defaultPinDes On Line 1571
        Warning - 1 : Skipping Token defaultPinDes On Line 1579
        Warning - 1 : Skipping Token defaultPinDes On Line 1600
        Warning - 1 : Skipping Token defaultPinDes On Line 1608
        Warning - 1 : Skipping Token defaultPinDes On Line 1616
        Warning - 1 : Skipping Token defaultPinDes On Line 1624
        Warning - 1 : Skipping Token defaultPinDes On Line 1632
        Warning - 1 : Skipping Token defaultPinDes On Line 1640
        Warning - 1 : Skipping Token defaultPinDes On Line 1648
        Warning - 1 : Skipping Token defaultPinDes On Line 1656
        Warning - 1 : Skipping Token defaultPinDes On Line 1664
        Warning - 1 : Skipping Token defaultPinDes On Line 1672
        Warning - 1 : Skipping Token defaultPinDes On Line 1680
        Warning - 1 : Skipping Token defaultPinDes On Line 1688
        Warning - 1 : Skipping Token defaultPinDes On Line 1696
        Warning - 1 : Skipping Token defaultPinDes On Line 1704
        Warning - 1 : Skipping Token defaultPinDes On Line 1712
        Warning - 1 : Skipping Token defaultPinDes On Line 1720
        Warning - 1 : Skipping Token defaultPinDes On Line 1728
        Warning - 1 : Skipping Token defaultPinDes On Line 1736
        Warning - 1 : Skipping Token defaultPinDes On Line 1744
        Warning - 1 : Skipping Token defaultPinDes On Line 1752
        Warning - 1 : Skipping Token defaultPinDes On Line 1832
        Warning - 1 : Skipping Token defaultPinDes On Line 1839
        Warning - 1 : Skipping Token defaultPinDes On Line 1846
        Warning - 1 : Skipping Token defaultPinDes On Line 1853
        Warning - 1 : Skipping Token defaultPinDes On Line 1879
        Warning - 1 : Skipping Token defaultPinDes On Line 1887
        Warning - 1 : Skipping Token defaultPinDes On Line 1895
        Warning - 1 : Skipping Token defaultPinDes On Line 1903
        Warning - 1 : Skipping Token defaultPinDes On Line 1911
        Warning - 1 : Skipping Token defaultPinDes On Line 1919
        Warning - 1 : Skipping Token defaultPinDes On Line 1948
        Warning - 1 : Skipping Token defaultPinDes On Line 1964
        Warning - 1 : Skipping Token defaultPinDes On Line 1972
        Warning - 1 : Skipping Token defaultPinDes On Line 1992
        Warning - 1 : Skipping Token defaultPinDes On Line 2000
        Warning - 1 : Skipping Token defaultPinDes On Line 2023
        Warning - 1 : Skipping Token defaultPinDes On Line 2031
        Warning - 1 : Skipping Token defaultPinDes On Line 2049
        Warning - 1 : Skipping Token defaultPinDes On Line 2056
        Warning - 1 : Skipping Token defaultPinDes On Line 2063
        Warning - 1 : Skipping Token defaultPinDes On Line 2070
        Warning - 1 : Skipping Token defaultPinDes On Line 2100
        Warning - 1 : Skipping Token defaultPinDes On Line 2108
        Warning - 1 : Skipping Token defaultPinDes On Line 2116
        Warning - 1 : Skipping Token defaultPinDes On Line 2124
        Warning - 1 : Skipping Token defaultPinDes On Line 2132
        Warning - 1 : Skipping Token defaultPinDes On Line 2140
        Warning - 1 : Skipping Token defaultPinDes On Line 2148
        Warning - 1 : Skipping Token defaultPinDes On Line 2156
        Warning - 1 : Skipping Token defaultPinDes On Line 2164
        Warning - 1 : Skipping Token defaultPinDes On Line 2172
        Warning - 1 : Skipping Token defaultPinDes On Line 2180
        Warning - 1 : Skipping Token defaultPinDes On Line 2188
        Warning - 1 : Skipping Token defaultPinDes On Line 2196
        Warning - 1 : Skipping Token defaultPinDes On Line 2204
        Warning - 1 : Skipping Token defaultPinDes On Line 2212
        Warning - 1 : Skipping Token defaultPinDes On Line 2220
        Warning - 1 : Skipping Token defaultPinDes On Line 2228
        Warning - 1 : Skipping Token defaultPinDes On Line 2236
        Warning - 1 : Skipping Token defaultPinDes On Line 2244
        Warning - 1 : Skipping Token defaultPinDes On Line 2252
        Warning - 1 : Skipping Token defaultPinDes On Line 2260
        Warning - 1 : Skipping Token defaultPinDes On Line 2268
        Warning - 1 : Skipping Token defaultPinDes On Line 2276
        Warning - 1 : Skipping Token defaultPinDes On Line 2284
        Warning - 1 : Skipping Token defaultPinDes On Line 2331
        Warning - 1 : Skipping Token defaultPinDes On Line 2339
        Warning - 1 : Skipping Token defaultPinDes On Line 2347
        Warning - 1 : Skipping Token defaultPinDes On Line 2355
        Warning - 1 : Skipping Token defaultPinDes On Line 2363
        Warning - 1 : Skipping Token defaultPinDes On Line 2371
        Warning - 1 : Skipping Token gridDfns On Line 11398
        Warning - 1 : Skipping Token refPointSize On Line 11421
        Warning - 1 : Skipping Token infoPointSize On Line 11422
        Warning - 1 : Skipping Token junctionSize On Line 11423
        Warning - 1 : Skipping Token refPointSizePrint On Line 11424
        Warning - 1 : Skipping Token infoPointSizePrint On Line 11425
        Warning - 1 : Skipping Token junctionSizePrint On Line 11426
        Warning - 1 : Skipping Token PrintRegion On Line 14253
        Warning - 1 : Skipping Token PrintRegion On Line 17002
        Warning - 1 : Skipping Token PrintRegion On Line 19050
        Warning - 1 : Skipping Token PrintRegion On Line 20879
        Warning - 1 : Skipping Token schematicPrintSettings On Line 20883
        Warning - 1 : Skipping Token layerState On Line 20893
        Warning - 1 : Skipping Token ecoState On Line 20904
        Warning - 1 : Skipping Token currentTextStyle On Line 20905
        Warning - 1 : Skipping Token reportSettings On Line 20908
    EndSection

    Section : Generating SCH Library - IOT_IO_v0.SchLib
        Warning : Create component variant [Ê0805_VARIANT_1] for component with original name [Ê0805]
        Warning : Create component variant [Ð0805_VARIANT_1] for component with original name [Ð0805]
    EndSection

    Section : Generating SCH Sheet - First_Sheet.SCHDOC
    EndSection

    Section : Generating SCH Sheet - Sheet1.SCHDOC
        Warning : Add Power Object for Pin Name [GND1] at location [14271.65mil : 10334.625mil]
        Warning : Add Power Object for Pin Name [GND1] at location [14566.925mil : 3346.45mil]
        Warning : Add Power Object for Pin Name [GND1] at location [10728.325mil : 7972.425mil]
        Warning : Add Power Object for Pin Name [GND1] at location [10728.325mil : 9153.525mil]
        Warning : Add Power Object for Pin Name [GND1] at location [10728.325mil : 10334.625mil]
        Warning : Add Power Object for Pin Name [GND2] at location [18405.5mil : 9153.525mil]
        Warning : Add Power Object for Pin Name [GND2] at location [18405.5mil : 10334.625mil]
        Warning : Add Power Object for Pin Name [GND1] at location [8169.275mil : 3346.45mil]
        Warning : Add Power Object for Pin Name [GND1] at location [8759.825mil : 3346.45mil]
        Warning : Add Power Object for Pin Name [GND1] at location [10728.325mil : 3346.45mil]
        Warning : Add Power Object for Pin Name [GND1] at location [10728.325mil : 6791.325mil]
        Warning : Add Power Object for Pin Name [GND1] at location [11122.025mil : 3346.45mil]
        Warning : Add Power Object for Pin Name [GND1] at location [11515.725mil : 3346.45mil]
        Warning : Add Power Object for Pin Name [GND1] at location [11811mil : 3346.45mil]
        Warning : Add Power Object for Pin Name [GND1] at location [13877.95mil : 3346.45mil]
        Warning : Add Power Object for Pin Name [GND1] at location [13877.95mil : 10334.625mil]
        Warning : Add Power Object for Pin Name [GND2] at location [16437mil : 3346.45mil]
        Warning : Add Power Object for Pin Name [GND2] at location [18405.5mil : 3346.45mil]
        Warning : Add Power Object for Pin Name [GND2] at location [18799.2mil : 3346.45mil]
        Warning : Add Power Object for Pin Name [GND2] at location [19192.9mil : 3346.45mil]
        Warning : Add Power Object for Pin Name [GND2] at location [18405.5mil : 6791.325mil]
        Warning : Add Power Object for Pin Name [GND2] at location [18405.5mil : 7972.425mil]
        Warning : Add Power Object for Pin Name [GND2] at location [19488.175mil : 3346.45mil]
        Warning : Add Power Object for Pin Name [GND2] at location [21555.1mil : 3346.45mil]
        Warning : Add Power Object for Pin Name [GND2] at location [21555.1mil : 10334.625mil]
        Warning : Add Power Object for Pin Name [GND2] at location [22244.075mil : 3346.45mil]
        Warning : Add Power Object for Pin Name [GND2] at location [21948.8mil : 10334.625mil]
        Warning : Add Power Object for Pin Name [GND2] at location [21062.975mil : 8661.4mil]
        Warning : Add Power Object for Pin Name [GND2] at location [15846.45mil : 3346.45mil]
        Warning : Add Power Object for Pin Name [GND1] at location [13385.825mil : 8661.4mil]
    EndSection

    Section : Generating SCH Sheet - Sheet2.SCHDOC
        Warning : Add Power Object for Pin Name [GND3] at location [14271.65mil : 9744.075mil]
        Warning : Add Power Object for Pin Name [GND3] at location [14566.925mil : 2755.9mil]
        Warning : Add Power Object for Pin Name [GND3] at location [10728.325mil : 8562.975mil]
        Warning : Add Power Object for Pin Name [GND3] at location [10728.325mil : 9744.075mil]
        Warning : Add Power Object for Pin Name [GND4] at location [18405.5mil : 8562.975mil]
        Warning : Add Power Object for Pin Name [GND4] at location [18405.5mil : 9744.075mil]
        Warning : Add Power Object for Pin Name [GND4] at location [21062.975mil : 8070.85mil]
        Warning : Add Power Object for Pin Name [GND3] at location [8169.275mil : 2755.9mil]
        Warning : Add Power Object for Pin Name [GND3] at location [8759.825mil : 2755.9mil]
        Warning : Add Power Object for Pin Name [GND3] at location [10728.325mil : 2755.9mil]
        Warning : Add Power Object for Pin Name [GND3] at location [10728.325mil : 7381.875mil]
        Warning : Add Power Object for Pin Name [GND3] at location [10728.325mil : 6200.775mil]
        Warning : Add Power Object for Pin Name [GND3] at location [11122.025mil : 2755.9mil]
        Warning : Add Power Object for Pin Name [GND3] at location [11515.725mil : 2755.9mil]
        Warning : Add Power Object for Pin Name [GND3] at location [11811mil : 2755.9mil]
        Warning : Add Power Object for Pin Name [GND3] at location [13877.95mil : 2755.9mil]
        Warning : Add Power Object for Pin Name [GND3] at location [13877.95mil : 9744.075mil]
        Warning : Add Power Object for Pin Name [GND4] at location [16437mil : 2755.9mil]
        Warning : Add Power Object for Pin Name [GND4] at location [18405.5mil : 2755.9mil]
        Warning : Add Power Object for Pin Name [GND4] at location [18799.2mil : 2755.9mil]
        Warning : Add Power Object for Pin Name [GND4] at location [19192.9mil : 2755.9mil]
        Warning : Add Power Object for Pin Name [GND4] at location [18405.5mil : 7381.875mil]
        Warning : Add Power Object for Pin Name [GND4] at location [18405.5mil : 6200.775mil]
        Warning : Add Power Object for Pin Name [GND4] at location [19488.175mil : 2755.9mil]
        Warning : Add Power Object for Pin Name [GND4] at location [21555.1mil : 2755.9mil]
        Warning : Add Power Object for Pin Name [GND4] at location [21555.1mil : 9744.075mil]
        Warning : Add Power Object for Pin Name [GND4] at location [22244.075mil : 2755.9mil]
        Warning : Add Power Object for Pin Name [GND4] at location [21948.8mil : 9744.075mil]
        Warning : Add Power Object for Pin Name [GND3] at location [13385.825mil : 8070.85mil]
        Warning : Add Power Object for Pin Name [GND4] at location [15846.45mil : 2755.9mil]
    EndSection

    Section : Generating SCH Sheet - Sheet3.SCHDOC
        Warning : Add Power Object for Pin Name [GND1] at location [13976.375mil : 9547.225mil]
        Warning : Add Power Object for Pin Name [GND1] at location [13976.375mil : 6594.475mil]
        Warning : Add Power Object for Pin Name [GND1] at location [13976.375mil : 7578.725mil]
        Warning : Add Power Object for Pin Name [GND1] at location [13976.375mil : 8562.975mil]
        Warning : Add Power Object for Pin Name [GND2] at location [13976.375mil : 4133.85mil]
        Warning : Add Power Object for Pin Name [GND4] at location [21259.825mil : 2952.75mil]
        Warning : Add Power Object for Pin Name [GND3] at location [21259.825mil : 9547.225mil]
        Warning : Add Power Object for Pin Name [GND4] at location [9350.375mil : 6594.475mil]
        Warning : Add Power Object for Pin Name [GND3] at location [8956.675mil : 6594.475mil]
        Warning : Add Power Object for Pin Name [GND2] at location [13976.375mil : 2165.35mil]
        Warning : Add Power Object for Pin Name [GND2] at location [13976.375mil : 3149.6mil]
        Warning : Add Power Object for Pin Name [GND1] at location [17322.825mil : 6594.475mil]
        Warning : Add Power Object for Pin Name [GND4] at location [21259.825mil : 1968.5mil]
        Warning : Add Power Object for Pin Name [GND3] at location [21259.825mil : 6594.475mil]
        Warning : Add Power Object for Pin Name [GND3] at location [21259.825mil : 7578.725mil]
        Warning : Add Power Object for Pin Name [GND2] at location [13976.375mil : 5118.1mil]
        Warning : Add Power Object for Pin Name [GND4] at location [21259.825mil : 4921.25mil]
        Warning : Add Power Object for Pin Name [GND4] at location [21259.825mil : 3937mil]
        Warning : Add Power Object for Pin Name [GND3] at location [21259.825mil : 8562.975mil]
        Warning : Add Power Object for Pin Name [GND2] at location [13385.825mil : 4133.85mil]
        Warning : Add Power Object for Pin Name [GND1] at location [13385.825mil : 9547.225mil]
        Warning : Add Power Object for Pin Name [GND4] at location [21850.375mil : 2952.75mil]
        Warning : Add Power Object for Pin Name [GND3] at location [21850.375mil : 9547.225mil]
        Warning : Add Power Object for Pin Name [GND2] at location [13385.825mil : 2165.35mil]
        Warning : Add Power Object for Pin Name [GND2] at location [13385.825mil : 3149.6mil]
        Warning : Add Power Object for Pin Name [GND1] at location [13385.825mil : 6594.475mil]
        Warning : Add Power Object for Pin Name [GND1] at location [13385.825mil : 7578.725mil]
        Warning : Add Power Object for Pin Name [GND2] at location [16830.7mil : 6594.475mil]
        Warning : Add Power Object for Pin Name [GND4] at location [21850.375mil : 1968.5mil]
        Warning : Add Power Object for Pin Name [GND3] at location [21850.375mil : 6594.475mil]
        Warning : Add Power Object for Pin Name [GND3] at location [21850.375mil : 7578.725mil]
        Warning : Add Power Object for Pin Name [GND2] at location [13385.825mil : 5118.1mil]
        Warning : Add Power Object for Pin Name [GND1] at location [13385.825mil : 8562.975mil]
        Warning : Add Power Object for Pin Name [GND4] at location [21850.375mil : 4921.25mil]
        Warning : Add Power Object for Pin Name [GND4] at location [21850.375mil : 3937mil]
        Warning : Add Power Object for Pin Name [GND3] at location [21850.375mil : 8562.975mil]
    EndSection

    Section : Generating SCH Sheet - Sheet4.SCHDOC
        Warning : Add Power Object for Pin Name [GNDR] at location [8858.25mil : 4133.85mil]
        Warning : Add Power Object for Pin Name [GND] at location [14566.925mil : 5019.675mil]
        Warning : Add Power Object for Pin Name [GND] at location [16338.575mil : 5019.675mil]
        Warning : Add Power Object for Pin Name [GND] at location [8267.7mil : 7775.575mil]
        Warning : Add Power Object for Pin Name [GND] at location [13041.325mil : 1574.8mil]
        Warning : Add Power Object for Pin Name [GND] at location [11072.825mil : 3838.575mil]
        Warning : Add Power Object for Pin Name [GND] at location [11909.425mil : 5019.675mil]
        Warning : Add Power Object for Pin Name [GND] at location [12795.275mil : 5019.675mil]
        Warning : Add Power Object for Pin Name [GND] at location [15059.05mil : 5019.675mil]
        Warning : Add Power Object for Pin Name [GND] at location [16732.275mil : 5019.675mil]
        Warning : Add Power Object for Pin Name [+5V] at location [17027.55mil : 6397.625mil]
        Warning : Add Power Object for Pin Name [GND] at location [20324.801mil : 4724.4mil]
        Warning : Add Power Object for Pin Name [+5V] at location [19832.676mil : 5216.525mil]
        Warning : Add Power Object for Pin Name [+5V] at location [21013.776mil : 1673.225mil]
        Warning : Add Power Object for Pin Name [+3,3V] at location [21013.776mil : 3444.875mil]
        Warning : Add Power Object for Pin Name [GND] at location [11072.825mil : 885.825mil]
        Warning : Add Power Object for Pin Name [GND] at location [11072.825mil : 1870.075mil]
        Warning : Add Power Object for Pin Name [GND] at location [11072.825mil : 2854.325mil]
        Warning : Add Power Object for Pin Name [+3,3V] at location [12647.625mil : 3937mil]
        Warning : Add Power Object for Pin Name [GNDR] at location [14419.275mil : 1574.8mil]
        Warning : Add Power Object for Pin Name [GNDR] at location [15403.525mil : 3346.45mil]
        Warning : Add Power Object for Pin Name [GNDR] at location [15009.825mil : 3346.45mil]
        Warning : Add Power Object for Pin Name [GND] at location [17322.825mil : 6791.325mil]
        Warning : Add Power Object for Pin Name [GND] at location [17322.825mil : 7775.575mil]
        Warning : Add Power Object for Pin Name [+3,3V] at location [19832.676mil : 3838.575mil]
        Warning : Add Power Object for Pin Name [GND] at location [20964.55mil : 1968.5mil]
        Warning : Add Power Object for Pin Name [+3,3V] at location [21013.776mil : 7185.025mil]
        Warning : Add Power Object for Pin Name [GND] at location [20964.55mil : 7677.15mil]
        Warning : Add Power Object for Pin Name [GND] at location [17322.825mil : 9744.075mil]
        Warning : Add Power Object for Pin Name [GND] at location [17322.825mil : 8759.825mil]
        Warning : Add Power Object for Pin Name [GND] at location [13287.4mil : 5019.675mil]
        Warning : Add Power Object for Pin Name [GND] at location [9842.5mil : 7775.575mil]
        Warning : Add Power Object for Pin Name [+3,3V] at location [10925.175mil : 8070.85mil]
        Warning : Add Power Object for Pin Name [GND] at location [14665.35mil : 7775.575mil]
    EndSection

    Section : Analyzing SCH Sheet - Sheet1.SCHDOC
        Warning : Port [+3,3V] at location [11712.575mil : 11023.6mil] will be replaced by a power port with the same name
        Warning : Port [+3,3V] at location [11712.575mil : 10137.775mil] will be replaced by a power port with the same name
        Warning : Port [+3,3V] at location [19389.75mil : 11023.6mil] will be replaced by a power port with the same name
        Warning : Port [+3,3V] at location [19389.75mil : 10137.775mil] will be replaced by a power port with the same name
        Warning : Unspecified port [+3,3V_1] width was re-calculated to [355.651mil]
        Warning : Unspecified port [+3,3V_1] width was re-calculated to [355.651mil]
        Warning : Unspecified port [+3,3V_1] width was re-calculated to [355.651mil]
        Warning : Unspecified port [+3,3V_1] width was re-calculated to [355.651mil]
        Warning : Unspecified port [+3,3V_2] width was re-calculated to [355.651mil]
        Warning : Unspecified port [+3,3V_2] width was re-calculated to [355.651mil]
        Warning : Unspecified port [+3,3V_2] width was re-calculated to [355.651mil]
        Warning : Unspecified port [+3,3V_2] width was re-calculated to [355.651mil]
        Warning : Port [GND] at location [11712.575mil : 10728.325mil] will be replaced by a power port with the same name
        Warning : Port [GND] at location [11712.575mil : 9940.925mil] will be replaced by a power port with the same name
        Warning : Port [GND] at location [11712.575mil : 8759.825mil] will be replaced by a power port with the same name
        Warning : Port [GND] at location [19389.75mil : 10728.325mil] will be replaced by a power port with the same name
        Warning : Port [GND] at location [19389.75mil : 9940.925mil] will be replaced by a power port with the same name
        Warning : Port [GND] at location [19389.75mil : 8759.825mil] will be replaced by a power port with the same name
        Warning : P-CAD Port [IAN_1] will be replaced by a net label at location [11318.875mil : 8169.275mil]
        Warning : P-CAD Port [IAN_1] will be replaced by a net label at location [10925.175mil : 9940.925mil]
        Warning : P-CAD Port [IAN_2] will be replaced by a net label at location [18602.35mil : 9940.925mil]
        Warning : P-CAD Port [IAN_2] will be replaced by a net label at location [18996.05mil : 8169.275mil]
        Warning : P-CAD Port [IAP_1] will be replaced by a net label at location [11318.875mil : 7972.425mil]
        Warning : P-CAD Port [IAP_1] will be replaced by a net label at location [10925.175mil : 10728.325mil]
        Warning : P-CAD Port [IAP_2] will be replaced by a net label at location [18602.35mil : 10728.325mil]
        Warning : P-CAD Port [IAP_2] will be replaced by a net label at location [18996.05mil : 7972.425mil]
        Warning : P-CAD Port [IBN_1] will be replaced by a net label at location [11318.875mil : 7775.575mil]
        Warning : P-CAD Port [IBN_1] will be replaced by a net label at location [10925.175mil : 8759.825mil]
        Warning : P-CAD Port [IBN_2] will be replaced by a net label at location [18602.35mil : 8759.825mil]
        Warning : P-CAD Port [IBN_2] will be replaced by a net label at location [18996.05mil : 7775.575mil]
        Warning : P-CAD Port [IBP_1] will be replaced by a net label at location [11318.875mil : 7578.725mil]
        Warning : P-CAD Port [IBP_1] will be replaced by a net label at location [10925.175mil : 9547.225mil]
        Warning : P-CAD Port [IBP_2] will be replaced by a net label at location [18602.35mil : 9547.225mil]
        Warning : P-CAD Port [IBP_2] will be replaced by a net label at location [18996.05mil : 7578.725mil]
        Warning : P-CAD Port [ICN_1] will be replaced by a net label at location [11318.875mil : 7381.875mil]
        Warning : P-CAD Port [ICN_1] will be replaced by a net label at location [10925.175mil : 7578.725mil]
        Warning : P-CAD Port [ICN_2] will be replaced by a net label at location [18602.35mil : 7578.725mil]
        Warning : P-CAD Port [ICN_2] will be replaced by a net label at location [18996.05mil : 7381.875mil]
        Warning : P-CAD Port [ICP_1] will be replaced by a net label at location [11318.875mil : 7185.025mil]
        Warning : P-CAD Port [ICP_1] will be replaced by a net label at location [10925.175mil : 8366.125mil]
        Warning : P-CAD Port [ICP_2] will be replaced by a net label at location [18602.35mil : 8366.125mil]
        Warning : P-CAD Port [ICP_2] will be replaced by a net label at location [18996.05mil : 7185.025mil]
        Warning : P-CAD Port [INN_1] will be replaced by a net label at location [10925.175mil : 7185.025mil]
        Warning : P-CAD Port [INN_1] will be replaced by a net label at location [11318.875mil : 6988.175mil]
        Warning : P-CAD Port [INN_2] will be replaced by a net label at location [18602.35mil : 7185.025mil]
        Warning : P-CAD Port [INN_2] will be replaced by a net label at location [18996.05mil : 6988.175mil]
        Warning : P-CAD Port [INP_1] will be replaced by a net label at location [11318.875mil : 6791.325mil]
        Warning : P-CAD Port [INP_1] will be replaced by a net label at location [10925.175mil : 6397.625mil]
        Warning : P-CAD Port [INP_2] will be replaced by a net label at location [18602.35mil : 6397.625mil]
        Warning : P-CAD Port [INP_2] will be replaced by a net label at location [18996.05mil : 6791.325mil]
        Warning : P-CAD Port [MISO_1] will be replaced by a net label at location [14468.5mil : 9153.525mil]
        Warning : P-CAD Port [MISO_1] will be replaced by a net label at location [14468.5mil : 7677.15mil]
        Warning : P-CAD Port [MISO_2] will be replaced by a net label at location [22145.65mil : 9153.525mil]
        Warning : P-CAD Port [MISO_2] will be replaced by a net label at location [22145.65mil : 7677.15mil]
        Warning : P-CAD Port [MOSI_1] will be replaced by a net label at location [14468.5mil : 9744.075mil]
        Warning : P-CAD Port [MOSI_1] will be replaced by a net label at location [14468.5mil : 7874mil]
        Warning : P-CAD Port [MOSI_2] will be replaced by a net label at location [22145.65mil : 9744.075mil]
        Warning : P-CAD Port [MOSI_2] will be replaced by a net label at location [22145.65mil : 7874mil]
        Warning : P-CAD Port [SPCK_1] will be replaced by a net label at location [14468.5mil : 7480.3mil]
        Warning : P-CAD Port [SPCK_1] will be replaced by a net label at location [14468.5mil : 9547.225mil]
        Warning : P-CAD Port [SPCK_2] will be replaced by a net label at location [22145.65mil : 7480.3mil]
        Warning : P-CAD Port [SPCK_2] will be replaced by a net label at location [22145.65mil : 9547.225mil]
        Warning : P-CAD Port [SPCS_1] will be replaced by a net label at location [14468.5mil : 9350.375mil]
        Warning : P-CAD Port [SPCS_1] will be replaced by a net label at location [14468.5mil : 7283.45mil]
        Warning : P-CAD Port [SPCS_2] will be replaced by a net label at location [22145.65mil : 9350.375mil]
        Warning : P-CAD Port [SPCS_2] will be replaced by a net label at location [22145.65mil : 7283.45mil]
        Warning : P-CAD Port [SPI1_CS1] will be replaced by a net label at location [11811mil : 9350.375mil]
        Warning : P-CAD Port [SPI1_CS2] will be replaced by a net label at location [19488.175mil : 9350.375mil]
        Warning : P-CAD Port [SPI1_MISO] will be replaced by a net label at location [19488.175mil : 9153.525mil]
        Warning : P-CAD Port [SPI1_MISO] will be replaced by a net label at location [11811mil : 9153.525mil]
        Warning : P-CAD Port [SPI1_MOSI] will be replaced by a net label at location [19488.175mil : 9744.075mil]
        Warning : P-CAD Port [SPI1_MOSI] will be replaced by a net label at location [11811mil : 9744.075mil]
        Warning : P-CAD Port [SPI1_SCK] will be replaced by a net label at location [19488.175mil : 9547.225mil]
        Warning : P-CAD Port [SPI1_SCK] will be replaced by a net label at location [11811mil : 9547.225mil]
        Warning : P-CAD Port [UAP_1] will be replaced by a net label at location [11318.875mil : 6594.475mil]
        Warning : Input port [UAP_1] width was re-calculated to [355.651mil]
        Warning : Input port [UAP_2] width was re-calculated to [355.651mil]
        Warning : P-CAD Port [UAP_2] will be replaced by a net label at location [18996.05mil : 6594.475mil]
        Warning : P-CAD Port [UBP_1] will be replaced by a net label at location [11318.875mil : 6397.625mil]
        Warning : Input port [UBP_1] width was re-calculated to [355.651mil]
        Warning : Input port [UBP_2] width was re-calculated to [355.651mil]
        Warning : P-CAD Port [UBP_2] will be replaced by a net label at location [18996.05mil : 6397.625mil]
        Warning : P-CAD Port [UCP_1] will be replaced by a net label at location [11318.875mil : 6200.775mil]
        Warning : Input port [UCP_1] width was re-calculated to [355.651mil]
        Warning : Input port [UCP_2] width was re-calculated to [355.651mil]
        Warning : P-CAD Port [UCP_2] will be replaced by a net label at location [18996.05mil : 6200.775mil]
        Warning : P-CAD Port [UN_1] will be replaced by a net label at location [11318.875mil : 6003.925mil]
        Warning : Input port [UN_1] width was re-calculated to [355.651mil]
        Warning : Input port [UN_2] width was re-calculated to [355.651mil]
        Warning : P-CAD Port [UN_2] will be replaced by a net label at location [18996.05mil : 6003.925mil]
    EndSection

    Section : Analyzing SCH Sheet - Sheet2.SCHDOC
        Warning : Port [+3,3V] at location [11712.575mil : 10433.05mil] will be replaced by a power port with the same name
        Warning : Port [+3,3V] at location [11712.575mil : 9547.225mil] will be replaced by a power port with the same name
        Warning : Port [+3,3V] at location [19389.75mil : 10433.05mil] will be replaced by a power port with the same name
        Warning : Port [+3,3V] at location [19389.75mil : 9547.225mil] will be replaced by a power port with the same name
        Warning : Unspecified port [+3,3V_3] width was re-calculated to [355.651mil]
        Warning : Unspecified port [+3,3V_3] width was re-calculated to [355.651mil]
        Warning : Unspecified port [+3,3V_3] width was re-calculated to [355.651mil]
        Warning : Unspecified port [+3,3V_3] width was re-calculated to [355.651mil]
        Warning : Unspecified port [+3,3V_4] width was re-calculated to [355.651mil]
        Warning : Unspecified port [+3,3V_4] width was re-calculated to [355.651mil]
        Warning : Unspecified port [+3,3V_4] width was re-calculated to [355.651mil]
        Warning : Unspecified port [+3,3V_4] width was re-calculated to [355.651mil]
        Warning : Port [GND] at location [11712.575mil : 10137.775mil] will be replaced by a power port with the same name
        Warning : Port [GND] at location [11712.575mil : 9350.375mil] will be replaced by a power port with the same name
        Warning : Port [GND] at location [11712.575mil : 8169.275mil] will be replaced by a power port with the same name
        Warning : Port [GND] at location [19389.75mil : 10137.775mil] will be replaced by a power port with the same name
        Warning : Port [GND] at location [19389.75mil : 9350.375mil] will be replaced by a power port with the same name
        Warning : Port [GND] at location [19389.75mil : 8169.275mil] will be replaced by a power port with the same name
        Warning : P-CAD Port [IAN_3] will be replaced by a net label at location [11318.875mil : 7578.725mil]
        Warning : P-CAD Port [IAN_3] will be replaced by a net label at location [10925.175mil : 9350.375mil]
        Warning : P-CAD Port [IAN_4] will be replaced by a net label at location [18602.35mil : 9350.375mil]
        Warning : P-CAD Port [IAN_4] will be replaced by a net label at location [18996.05mil : 7578.725mil]
        Warning : P-CAD Port [IAP_3] will be replaced by a net label at location [11318.875mil : 7381.875mil]
        Warning : P-CAD Port [IAP_3] will be replaced by a net label at location [10925.175mil : 10137.775mil]
        Warning : P-CAD Port [IAP_4] will be replaced by a net label at location [18602.35mil : 10137.775mil]
        Warning : P-CAD Port [IAP_4] will be replaced by a net label at location [18996.05mil : 7381.875mil]
        Warning : P-CAD Port [IBN_3] will be replaced by a net label at location [11318.875mil : 7185.025mil]
        Warning : P-CAD Port [IBN_3] will be replaced by a net label at location [10925.175mil : 8169.275mil]
        Warning : P-CAD Port [IBN_4] will be replaced by a net label at location [18602.35mil : 8169.275mil]
        Warning : P-CAD Port [IBN_4] will be replaced by a net label at location [18996.05mil : 7185.025mil]
        Warning : P-CAD Port [IBP_3] will be replaced by a net label at location [11318.875mil : 6988.175mil]
        Warning : P-CAD Port [IBP_3] will be replaced by a net label at location [10925.175mil : 8956.675mil]
        Warning : P-CAD Port [IBP_4] will be replaced by a net label at location [18602.35mil : 8956.675mil]
        Warning : P-CAD Port [IBP_4] will be replaced by a net label at location [18996.05mil : 6988.175mil]
        Warning : P-CAD Port [ICN_3] will be replaced by a net label at location [11318.875mil : 6791.325mil]
        Warning : P-CAD Port [ICN_3] will be replaced by a net label at location [10925.175mil : 6988.175mil]
        Warning : P-CAD Port [ICN_4] will be replaced by a net label at location [18602.35mil : 6988.175mil]
        Warning : P-CAD Port [ICN_4] will be replaced by a net label at location [18996.05mil : 6791.325mil]
        Warning : P-CAD Port [ICP_3] will be replaced by a net label at location [11318.875mil : 6594.475mil]
        Warning : P-CAD Port [ICP_3] will be replaced by a net label at location [10925.175mil : 7775.575mil]
        Warning : P-CAD Port [ICP_4] will be replaced by a net label at location [18602.35mil : 7775.575mil]
        Warning : P-CAD Port [ICP_4] will be replaced by a net label at location [18996.05mil : 6594.475mil]
        Warning : P-CAD Port [INN_3] will be replaced by a net label at location [10925.175mil : 6594.475mil]
        Warning : P-CAD Port [INN_3] will be replaced by a net label at location [11318.875mil : 6397.625mil]
        Warning : P-CAD Port [INN_4] will be replaced by a net label at location [18602.35mil : 5807.075mil]
        Warning : P-CAD Port [INN_4] will be replaced by a net label at location [18996.05mil : 6397.625mil]
        Warning : P-CAD Port [INP_3] will be replaced by a net label at location [11318.875mil : 6200.775mil]
        Warning : P-CAD Port [INP_3] will be replaced by a net label at location [10925.175mil : 5807.075mil]
        Warning : P-CAD Port [INP_4] will be replaced by a net label at location [18602.35mil : 6594.475mil]
        Warning : P-CAD Port [INP_4] will be replaced by a net label at location [18996.05mil : 6200.775mil]
        Warning : P-CAD Port [MISO_3] will be replaced by a net label at location [14468.5mil : 8562.975mil]
        Warning : P-CAD Port [MISO_3] will be replaced by a net label at location [14468.5mil : 7086.6mil]
        Warning : P-CAD Port [MISO_4] will be replaced by a net label at location [22145.65mil : 8562.975mil]
        Warning : P-CAD Port [MISO_4] will be replaced by a net label at location [22145.65mil : 7086.6mil]
        Warning : P-CAD Port [MOSI_3] will be replaced by a net label at location [14468.5mil : 9153.525mil]
        Warning : P-CAD Port [MOSI_3] will be replaced by a net label at location [14468.5mil : 7283.45mil]
        Warning : P-CAD Port [MOSI_4] will be replaced by a net label at location [22145.65mil : 9153.525mil]
        Warning : P-CAD Port [MOSI_4] will be replaced by a net label at location [22145.65mil : 7283.45mil]
        Warning : P-CAD Port [SPCK_3] will be replaced by a net label at location [14468.5mil : 6889.75mil]
        Warning : P-CAD Port [SPCK_3] will be replaced by a net label at location [14468.5mil : 8956.675mil]
        Warning : P-CAD Port [SPCK_4] will be replaced by a net label at location [22145.65mil : 6889.75mil]
        Warning : P-CAD Port [SPCK_4] will be replaced by a net label at location [22145.65mil : 8956.675mil]
        Warning : P-CAD Port [SPCS_3] will be replaced by a net label at location [14468.5mil : 8759.825mil]
        Warning : P-CAD Port [SPCS_3] will be replaced by a net label at location [14468.5mil : 6692.9mil]
        Warning : P-CAD Port [SPCS_4] will be replaced by a net label at location [22145.65mil : 8759.825mil]
        Warning : P-CAD Port [SPCS_4] will be replaced by a net label at location [22145.65mil : 6692.9mil]
        Warning : P-CAD Port [SPI1_CS3] will be replaced by a net label at location [11811mil : 8759.825mil]
        Warning : P-CAD Port [SPI1_CS4] will be replaced by a net label at location [19488.175mil : 8759.825mil]
        Warning : P-CAD Port [SPI1_MISO] will be replaced by a net label at location [19488.175mil : 8562.975mil]
        Warning : P-CAD Port [SPI1_MISO] will be replaced by a net label at location [11811mil : 8562.975mil]
        Warning : P-CAD Port [SPI1_MOSI] will be replaced by a net label at location [19488.175mil : 9153.525mil]
        Warning : P-CAD Port [SPI1_MOSI] will be replaced by a net label at location [11811mil : 9153.525mil]
        Warning : P-CAD Port [SPI1_SCK] will be replaced by a net label at location [19488.175mil : 8956.675mil]
        Warning : P-CAD Port [SPI1_SCK] will be replaced by a net label at location [11811mil : 8956.675mil]
        Warning : P-CAD Port [UAP_3] will be replaced by a net label at location [11318.875mil : 6003.925mil]
        Warning : Input port [UAP_3] width was re-calculated to [355.651mil]
        Warning : Input port [UAP_4] width was re-calculated to [355.651mil]
        Warning : P-CAD Port [UAP_4] will be replaced by a net label at location [18996.05mil : 6003.925mil]
        Warning : P-CAD Port [UBP_3] will be replaced by a net label at location [11318.875mil : 5807.075mil]
        Warning : Input port [UBP_3] width was re-calculated to [355.651mil]
        Warning : Input port [UBP_4] width was re-calculated to [355.651mil]
        Warning : P-CAD Port [UBP_4] will be replaced by a net label at location [18996.05mil : 5807.075mil]
        Warning : P-CAD Port [UCP_3] will be replaced by a net label at location [11318.875mil : 5610.225mil]
        Warning : Input port [UCP_3] width was re-calculated to [355.651mil]
        Warning : Input port [UCP_4] width was re-calculated to [355.651mil]
        Warning : P-CAD Port [UCP_4] will be replaced by a net label at location [18996.05mil : 5610.225mil]
        Warning : P-CAD Port [UN_3] will be replaced by a net label at location [11318.875mil : 5413.375mil]
        Warning : Input port [UN_3] width was re-calculated to [355.651mil]
        Warning : Input port [UN_4] width was re-calculated to [355.651mil]
        Warning : P-CAD Port [UN_4] will be replaced by a net label at location [18996.05mil : 5413.375mil]
    EndSection

    Section : Analyzing SCH Sheet - Sheet3.SCHDOC
        Warning : Input port [NPOWER] width was re-calculated to [355.651mil]
        Warning : Output port [UAP_1] width was re-calculated to [355.651mil]
        Warning : Output port [UAP_2] width was re-calculated to [355.651mil]
        Warning : Output port [UAP_3] width was re-calculated to [355.651mil]
        Warning : Output port [UAP_4] width was re-calculated to [355.651mil]
        Warning : Output port [UBP_1] width was re-calculated to [355.651mil]
        Warning : Output port [UBP_2] width was re-calculated to [355.651mil]
        Warning : Output port [UBP_3] width was re-calculated to [355.651mil]
        Warning : Output port [UBP_4] width was re-calculated to [355.651mil]
        Warning : Output port [UCP_1] width was re-calculated to [355.651mil]
        Warning : Output port [UCP_2] width was re-calculated to [355.651mil]
        Warning : Output port [UCP_3] width was re-calculated to [355.651mil]
        Warning : Output port [UCP_4] width was re-calculated to [355.651mil]
        Warning : Output port [UN_1] width was re-calculated to [355.651mil]
        Warning : Output port [UN_2] width was re-calculated to [355.651mil]
        Warning : Output port [UN_3] width was re-calculated to [355.651mil]
        Warning : Output port [UN_4] width was re-calculated to [355.651mil]
        Warning : Output port [UPOWER] width was re-calculated to [355.651mil]
    EndSection

    Section : Analyzing SCH Sheet - Sheet4.SCHDOC
        Warning : Unspecified port [+3,3VR] width was re-calculated to [355.651mil]
        Warning : Unspecified port [+3,3VR] width was re-calculated to [355.651mil]
        Warning : Output port [DIN1] width was re-calculated to [355.651mil]
        Warning : Input port [DIN1] width was re-calculated to [355.651mil]
        Warning : Output port [DIN2] width was re-calculated to [355.651mil]
        Warning : Input port [DIN2] width was re-calculated to [355.651mil]
        Warning : Output port [DIN3] width was re-calculated to [355.651mil]
        Warning : Input port [DIN3] width was re-calculated to [355.651mil]
        Warning : Output port [DIN4] width was re-calculated to [355.651mil]
        Warning : Input port [DIN4] width was re-calculated to [355.651mil]
        Warning : Input port [I\N\T\] width was re-calculated to [355.651mil]
        Warning : Output port [I\N\T\] width was re-calculated to [355.651mil]
        Warning : Input port [K1] width was re-calculated to [355.651mil]
        Warning : Output port [K1] width was re-calculated to [355.651mil]
        Warning : Input port [K2] width was re-calculated to [355.651mil]
        Warning : Output port [K2] width was re-calculated to [355.651mil]
        Warning : Input port [K3] width was re-calculated to [355.651mil]
        Warning : Output port [K3] width was re-calculated to [355.651mil]
        Warning : Input port [K4] width was re-calculated to [355.651mil]
        Warning : Output port [K4] width was re-calculated to [355.651mil]
        Warning : Output port [NPOWER] width was re-calculated to [355.651mil]
        Warning : Unspecified port [PC0] width was re-calculated to [355.651mil]
        Warning : Unspecified port [PC0] width was re-calculated to [355.651mil]
        Warning : Unspecified port [PE11] width was re-calculated to [355.651mil]
        Warning : Unspecified port [PE11] width was re-calculated to [355.651mil]
        Warning : Unspecified port [PE12] width was re-calculated to [355.651mil]
        Warning : Unspecified port [PE12] width was re-calculated to [355.651mil]
        Warning : Unspecified port [PF10] width was re-calculated to [355.651mil]
        Warning : Unspecified port [PF10] width was re-calculated to [355.651mil]
        Warning : Output port [SCL1] width was re-calculated to [355.651mil]
        Warning : Input port [SCL1] width was re-calculated to [355.651mil]
        Warning : Unspecified port [SDA1] width was re-calculated to [355.651mil]
        Warning : Unspecified port [SDA1] width was re-calculated to [355.651mil]
        Warning : Input port [SPI1_CS] width was re-calculated to [355.651mil]
        Warning : Output port [SPI1_CS] width was re-calculated to [355.651mil]
        Warning : P-CAD Port [SPI1_CS1] will be replaced by a net label at location [13976.375mil : 10137.775mil]
        Warning : P-CAD Port [SPI1_CS2] will be replaced by a net label at location [13976.375mil : 9399.6mil]
        Warning : P-CAD Port [SPI1_CS3] will be replaced by a net label at location [13976.375mil : 8661.4mil]
        Warning : P-CAD Port [SPI1_CS4] will be replaced by a net label at location [13976.375mil : 7874mil]
        Warning : P-CAD Port [SPI1_MISO] will be replaced by a net label at location [20275.575mil : 9940.925mil]
        Warning : P-CAD Port [SPI1_MOSI] will be replaced by a net label at location [20275.575mil : 10531.475mil]
        Warning : P-CAD Port [SPI1_SCK] will be replaced by a net label at location [20275.575mil : 10334.625mil]
        Warning : Output port [SPI2_CS] width was re-calculated to [355.651mil]
        Warning : Input port [SPI2_CS] width was re-calculated to [355.651mil]
        Warning : Input port [SPI2_MISO] width was re-calculated to [355.651mil]
        Warning : Output port [SPI2_MISO] width was re-calculated to [355.651mil]
        Warning : Output port [SPI2_MOSI] width was re-calculated to [355.651mil]
        Warning : Input port [SPI2_MOSI] width was re-calculated to [355.651mil]
        Warning : Output port [SPI2_SCK] width was re-calculated to [355.651mil]
        Warning : Input port [SPI2_SCK] width was re-calculated to [355.651mil]
        Warning : Input port [UART1_RX] width was re-calculated to [355.651mil]
        Warning : Output port [UART1_TX] width was re-calculated to [355.651mil]
        Warning : Output port [UART3_DO] width was re-calculated to [355.651mil]
        Warning : Input port [UART3_DO] width was re-calculated to [355.651mil]
        Warning : Input port [UART3_RX] width was re-calculated to [355.651mil]
        Warning : Output port [UART3_RX] width was re-calculated to [355.651mil]
        Warning : Output port [UART3_TX] width was re-calculated to [355.651mil]
        Warning : Input port [UART3_TX] width was re-calculated to [355.651mil]
        Warning : Input port [UART6_CTS] width was re-calculated to [355.651mil]
        Warning : Output port [UART6_CTS] width was re-calculated to [355.651mil]
        Warning : Output port [UART6_RTS] width was re-calculated to [355.651mil]
        Warning : Input port [UART6_RTS] width was re-calculated to [355.651mil]
        Warning : Input port [UART6_RX] width was re-calculated to [355.651mil]
        Warning : Output port [UART6_RX] width was re-calculated to [355.651mil]
        Warning : Output port [UART6_TX] width was re-calculated to [355.651mil]
        Warning : Input port [UART6_TX] width was re-calculated to [355.651mil]
        Warning : Input port [UPOWER] width was re-calculated to [355.651mil]
        Warning : Unspecified port [WDET0] width was re-calculated to [355.651mil]
        Warning : Unspecified port [WDET0] width was re-calculated to [355.651mil]
        Warning : Unspecified port [WDET1] width was re-calculated to [355.651mil]
        Warning : Unspecified port [WDET1] width was re-calculated to [355.651mil]
    EndSection
EndSection
